<?xml version="1.0" encoding="UTF-8"?>
<testsuite xmlns:xsi="http://www.w3.org/2001/XMLSchema-instance"
           xsi:noNamespaceSchemaLocation="https://maven.apache.org/surefire/maven-surefire-plugin/xsd/surefire-test-report.xsd"
           name="SolrTest" time="6.644" tests="1" errors="0" skipped="0" failures="0">
    <properties>
        <property name="sun.desktop" value="windows"/>
        <property name="awt.toolkit" value="sun.awt.windows.WToolkit"/>
        <property name="java.specification.version" value="12"/>
        <property name="sun.cpu.isalist" value="amd64"/>
        <property name="sun.jnu.encoding" value="GBK"/>
        <property name="java.class.path"
                  value="E:\IDEA workSpace\itripbackend2\itrip-sreach\target\test-classes;E:\IDEA workSpace\itripbackend2\itrip-sreach\target\classes;F:\maven\repository\junit\junit\4.11\junit-4.11.jar;E:\IDEA workSpace\itripbackend2\itrip-utils\target\itrip-utils-1.0-SNAPSHOT.jar;E:\IDEA workSpace\itripbackend2\itrip-beans\target\itrip-beans-1.0-SNAPSHOT.jar;F:\maven\repository\com\belerweb\pinyin4j\2.5.0\pinyin4j-2.5.0.jar;F:\maven\repository\cz\mallat\uasparser\uasparser\0.6.0\uasparser-0.6.0.jar;F:\maven\repository\net\sourceforge\jregex\jregex\1.2_01\jregex-1.2_01.jar;F:\maven\repository\org\apache\solr\solr-solrj\7.2.1\solr-solrj-7.2.1.jar;F:\maven\repository\commons-io\commons-io\2.5\commons-io-2.5.jar;F:\maven\repository\org\apache\commons\commons-math3\3.6.1\commons-math3-3.6.1.jar;F:\maven\repository\org\apache\httpcomponents\httpclient\4.5.3\httpclient-4.5.3.jar;F:\maven\repository\org\apache\httpcomponents\httpcore\4.4.6\httpcore-4.4.6.jar;F:\maven\repository\org\apache\httpcomponents\httpmime\4.5.3\httpmime-4.5.3.jar;F:\maven\repository\org\apache\zookeeper\zookeeper\3.4.10\zookeeper-3.4.10.jar;F:\maven\repository\org\codehaus\woodstox\stax2-api\3.1.4\stax2-api-3.1.4.jar;F:\maven\repository\org\codehaus\woodstox\woodstox-core-asl\4.4.1\woodstox-core-asl-4.4.1.jar;F:\maven\repository\org\noggit\noggit\0.8\noggit-0.8.jar;F:\maven\repository\org\slf4j\jcl-over-slf4j\1.7.7\jcl-over-slf4j-1.7.7.jar;F:\maven\repository\org\springframework\spring-core\4.2.4.RELEASE\spring-core-4.2.4.RELEASE.jar;F:\maven\repository\org\springframework\spring-beans\4.2.4.RELEASE\spring-beans-4.2.4.RELEASE.jar;F:\maven\repository\org\springframework\spring-context\4.2.4.RELEASE\spring-context-4.2.4.RELEASE.jar;F:\maven\repository\org\springframework\spring-expression\4.2.4.RELEASE\spring-expression-4.2.4.RELEASE.jar;F:\maven\repository\org\springframework\spring-aop\4.2.4.RELEASE\spring-aop-4.2.4.RELEASE.jar;F:\maven\repository\org\springframework\spring-aspects\4.2.4.RELEASE\spring-aspects-4.2.4.RELEASE.jar;F:\maven\repository\aopalliance\aopalliance\1.0\aopalliance-1.0.jar;F:\maven\repository\org\aspectj\aspectjweaver\1.9.5\aspectjweaver-1.9.5.jar;F:\maven\repository\org\mybatis\mybatis\3.5.3\mybatis-3.5.3.jar;F:\maven\repository\org\mybatis\mybatis-spring\2.0.3\mybatis-spring-2.0.3.jar;F:\maven\repository\org\apache\commons\commons-dbcp2\2.6.0\commons-dbcp2-2.6.0.jar;F:\maven\repository\org\apache\commons\commons-pool2\2.6.1\commons-pool2-2.6.1.jar;F:\maven\repository\org\springframework\spring-jdbc\4.2.4.RELEASE\spring-jdbc-4.2.4.RELEASE.jar;F:\maven\repository\org\springframework\spring-tx\4.2.4.RELEASE\spring-tx-4.2.4.RELEASE.jar;F:\maven\repository\mysql\mysql-connector-java\5.1.46\mysql-connector-java-5.1.46.jar;F:\maven\repository\org\springframework\spring-web\4.2.4.RELEASE\spring-web-4.2.4.RELEASE.jar;F:\maven\repository\org\springframework\spring-webmvc\4.2.4.RELEASE\spring-webmvc-4.2.4.RELEASE.jar;F:\maven\repository\javax\servlet\jsp\jsp-api\2.1\jsp-api-2.1.jar;F:\maven\repository\javax\servlet\javax.servlet-api\4.0.1\javax.servlet-api-4.0.1.jar;F:\maven\repository\jstl\jstl\1.2\jstl-1.2.jar;F:\maven\repository\org\apache\taglibs\taglibs-standard-spec\1.2.1\taglibs-standard-spec-1.2.1.jar;F:\maven\repository\org\apache\taglibs\taglibs-standard-impl\1.2.1\taglibs-standard-impl-1.2.1.jar;F:\maven\repository\com\fasterxml\jackson\core\jackson-core\2.10.1\jackson-core-2.10.1.jar;F:\maven\repository\com\fasterxml\jackson\core\jackson-databind\2.10.1\jackson-databind-2.10.1.jar;F:\maven\repository\com\fasterxml\jackson\core\jackson-annotations\2.10.1\jackson-annotations-2.10.1.jar;F:\maven\repository\com\alibaba\fastjson\1.2.31\fastjson-1.2.31.jar;F:\maven\repository\org\hamcrest\hamcrest-core\1.3\hamcrest-core-1.3.jar;F:\maven\repository\org\springframework\spring-test\4.2.4.RELEASE\spring-test-4.2.4.RELEASE.jar;F:\maven\repository\log4j\log4j\1.2.17\log4j-1.2.17.jar;F:\maven\repository\org\slf4j\slf4j-api\1.7.28\slf4j-api-1.7.28.jar;F:\maven\repository\org\slf4j\slf4j-log4j12\1.7.28\slf4j-log4j12-1.7.28.jar;F:\maven\repository\commons-logging\commons-logging\1.2\commons-logging-1.2.jar;F:\maven\repository\redis\clients\jedis\2.9.0\jedis-2.9.0.jar;F:\maven\repository\javax\annotation\javax.annotation-api\1.3.2\javax.annotation-api-1.3.2.jar;F:\maven\repository\org\springframework\data\spring-data-redis\1.6.2.RELEASE\spring-data-redis-1.6.2.RELEASE.jar;F:\maven\repository\org\springframework\spring-context-support\4.1.9.RELEASE\spring-context-support-4.1.9.RELEASE.jar;F:\maven\repository\io\springfox\springfox-swagger2\2.7.0\springfox-swagger2-2.7.0.jar;F:\maven\repository\io\swagger\swagger-annotations\1.5.13\swagger-annotations-1.5.13.jar;F:\maven\repository\io\swagger\swagger-models\1.5.13\swagger-models-1.5.13.jar;F:\maven\repository\io\springfox\springfox-spi\2.7.0\springfox-spi-2.7.0.jar;F:\maven\repository\io\springfox\springfox-core\2.7.0\springfox-core-2.7.0.jar;F:\maven\repository\net\bytebuddy\byte-buddy\1.6.14\byte-buddy-1.6.14.jar;F:\maven\repository\io\springfox\springfox-schema\2.7.0\springfox-schema-2.7.0.jar;F:\maven\repository\io\springfox\springfox-swagger-common\2.7.0\springfox-swagger-common-2.7.0.jar;F:\maven\repository\io\springfox\springfox-spring-web\2.7.0\springfox-spring-web-2.7.0.jar;F:\maven\repository\org\reflections\reflections\0.9.11\reflections-0.9.11.jar;F:\maven\repository\org\javassist\javassist\3.21.0-GA\javassist-3.21.0-GA.jar;F:\maven\repository\com\google\guava\guava\18.0\guava-18.0.jar;F:\maven\repository\com\fasterxml\classmate\1.3.3\classmate-1.3.3.jar;F:\maven\repository\org\springframework\plugin\spring-plugin-core\1.2.0.RELEASE\spring-plugin-core-1.2.0.RELEASE.jar;F:\maven\repository\org\springframework\plugin\spring-plugin-metadata\1.2.0.RELEASE\spring-plugin-metadata-1.2.0.RELEASE.jar;F:\maven\repository\org\mapstruct\mapstruct\1.1.0.Final\mapstruct-1.1.0.Final.jar;F:\maven\repository\io\springfox\springfox-swagger-ui\2.7.0\springfox-swagger-ui-2.7.0.jar;"/>
        <property name="java.vm.vendor" value="Oracle Corporation"/>
        <property name="sun.arch.data.model" value="64"/>
        <property name="user.variant" value=""/>
        <property name="java.vendor.url" value="https://java.oracle.com/"/>
        <property name="user.timezone" value="Asia/Shanghai"/>
        <property name="os.name" value="Windows 10"/>
        <property name="java.vm.specification.version" value="12"/>
        <property name="sun.java.launcher" value="SUN_STANDARD"/>
        <property name="user.country" value="CN"/>
        <property name="sun.boot.library.path" value="F:\jdk-12.0.2_windows-x64_bin\jdk-12.0.2\bin"/>
        <property name="sun.java.command"
                  value="C:\Users\DELL\AppData\Local\Temp\surefire5909735579636397545\surefirebooter16230487109195718626.jar C:\Users\DELL\AppData\Local\Temp\surefire5909735579636397545 2020-02-24T16-14-35_840-jvmRun1 surefire16149143150392029314tmp surefire_06217177361968724127tmp"/>
        <property name="jdk.debug" value="release"/>
        <property name="surefire.test.class.path"
                  value="E:\IDEA workSpace\itripbackend2\itrip-sreach\target\test-classes;E:\IDEA workSpace\itripbackend2\itrip-sreach\target\classes;F:\maven\repository\junit\junit\4.11\junit-4.11.jar;E:\IDEA workSpace\itripbackend2\itrip-utils\target\itrip-utils-1.0-SNAPSHOT.jar;E:\IDEA workSpace\itripbackend2\itrip-beans\target\itrip-beans-1.0-SNAPSHOT.jar;F:\maven\repository\com\belerweb\pinyin4j\2.5.0\pinyin4j-2.5.0.jar;F:\maven\repository\cz\mallat\uasparser\uasparser\0.6.0\uasparser-0.6.0.jar;F:\maven\repository\net\sourceforge\jregex\jregex\1.2_01\jregex-1.2_01.jar;F:\maven\repository\org\apache\solr\solr-solrj\7.2.1\solr-solrj-7.2.1.jar;F:\maven\repository\commons-io\commons-io\2.5\commons-io-2.5.jar;F:\maven\repository\org\apache\commons\commons-math3\3.6.1\commons-math3-3.6.1.jar;F:\maven\repository\org\apache\httpcomponents\httpclient\4.5.3\httpclient-4.5.3.jar;F:\maven\repository\org\apache\httpcomponents\httpcore\4.4.6\httpcore-4.4.6.jar;F:\maven\repository\org\apache\httpcomponents\httpmime\4.5.3\httpmime-4.5.3.jar;F:\maven\repository\org\apache\zookeeper\zookeeper\3.4.10\zookeeper-3.4.10.jar;F:\maven\repository\org\codehaus\woodstox\stax2-api\3.1.4\stax2-api-3.1.4.jar;F:\maven\repository\org\codehaus\woodstox\woodstox-core-asl\4.4.1\woodstox-core-asl-4.4.1.jar;F:\maven\repository\org\noggit\noggit\0.8\noggit-0.8.jar;F:\maven\repository\org\slf4j\jcl-over-slf4j\1.7.7\jcl-over-slf4j-1.7.7.jar;F:\maven\repository\org\springframework\spring-core\4.2.4.RELEASE\spring-core-4.2.4.RELEASE.jar;F:\maven\repository\org\springframework\spring-beans\4.2.4.RELEASE\spring-beans-4.2.4.RELEASE.jar;F:\maven\repository\org\springframework\spring-context\4.2.4.RELEASE\spring-context-4.2.4.RELEASE.jar;F:\maven\repository\org\springframework\spring-expression\4.2.4.RELEASE\spring-expression-4.2.4.RELEASE.jar;F:\maven\repository\org\springframework\spring-aop\4.2.4.RELEASE\spring-aop-4.2.4.RELEASE.jar;F:\maven\repository\org\springframework\spring-aspects\4.2.4.RELEASE\spring-aspects-4.2.4.RELEASE.jar;F:\maven\repository\aopalliance\aopalliance\1.0\aopalliance-1.0.jar;F:\maven\repository\org\aspectj\aspectjweaver\1.9.5\aspectjweaver-1.9.5.jar;F:\maven\repository\org\mybatis\mybatis\3.5.3\mybatis-3.5.3.jar;F:\maven\repository\org\mybatis\mybatis-spring\2.0.3\mybatis-spring-2.0.3.jar;F:\maven\repository\org\apache\commons\commons-dbcp2\2.6.0\commons-dbcp2-2.6.0.jar;F:\maven\repository\org\apache\commons\commons-pool2\2.6.1\commons-pool2-2.6.1.jar;F:\maven\repository\org\springframework\spring-jdbc\4.2.4.RELEASE\spring-jdbc-4.2.4.RELEASE.jar;F:\maven\repository\org\springframework\spring-tx\4.2.4.RELEASE\spring-tx-4.2.4.RELEASE.jar;F:\maven\repository\mysql\mysql-connector-java\5.1.46\mysql-connector-java-5.1.46.jar;F:\maven\repository\org\springframework\spring-web\4.2.4.RELEASE\spring-web-4.2.4.RELEASE.jar;F:\maven\repository\org\springframework\spring-webmvc\4.2.4.RELEASE\spring-webmvc-4.2.4.RELEASE.jar;F:\maven\repository\javax\servlet\jsp\jsp-api\2.1\jsp-api-2.1.jar;F:\maven\repository\javax\servlet\javax.servlet-api\4.0.1\javax.servlet-api-4.0.1.jar;F:\maven\repository\jstl\jstl\1.2\jstl-1.2.jar;F:\maven\repository\org\apache\taglibs\taglibs-standard-spec\1.2.1\taglibs-standard-spec-1.2.1.jar;F:\maven\repository\org\apache\taglibs\taglibs-standard-impl\1.2.1\taglibs-standard-impl-1.2.1.jar;F:\maven\repository\com\fasterxml\jackson\core\jackson-core\2.10.1\jackson-core-2.10.1.jar;F:\maven\repository\com\fasterxml\jackson\core\jackson-databind\2.10.1\jackson-databind-2.10.1.jar;F:\maven\repository\com\fasterxml\jackson\core\jackson-annotations\2.10.1\jackson-annotations-2.10.1.jar;F:\maven\repository\com\alibaba\fastjson\1.2.31\fastjson-1.2.31.jar;F:\maven\repository\org\hamcrest\hamcrest-core\1.3\hamcrest-core-1.3.jar;F:\maven\repository\org\springframework\spring-test\4.2.4.RELEASE\spring-test-4.2.4.RELEASE.jar;F:\maven\repository\log4j\log4j\1.2.17\log4j-1.2.17.jar;F:\maven\repository\org\slf4j\slf4j-api\1.7.28\slf4j-api-1.7.28.jar;F:\maven\repository\org\slf4j\slf4j-log4j12\1.7.28\slf4j-log4j12-1.7.28.jar;F:\maven\repository\commons-logging\commons-logging\1.2\commons-logging-1.2.jar;F:\maven\repository\redis\clients\jedis\2.9.0\jedis-2.9.0.jar;F:\maven\repository\javax\annotation\javax.annotation-api\1.3.2\javax.annotation-api-1.3.2.jar;F:\maven\repository\org\springframework\data\spring-data-redis\1.6.2.RELEASE\spring-data-redis-1.6.2.RELEASE.jar;F:\maven\repository\org\springframework\spring-context-support\4.1.9.RELEASE\spring-context-support-4.1.9.RELEASE.jar;F:\maven\repository\io\springfox\springfox-swagger2\2.7.0\springfox-swagger2-2.7.0.jar;F:\maven\repository\io\swagger\swagger-annotations\1.5.13\swagger-annotations-1.5.13.jar;F:\maven\repository\io\swagger\swagger-models\1.5.13\swagger-models-1.5.13.jar;F:\maven\repository\io\springfox\springfox-spi\2.7.0\springfox-spi-2.7.0.jar;F:\maven\repository\io\springfox\springfox-core\2.7.0\springfox-core-2.7.0.jar;F:\maven\repository\net\bytebuddy\byte-buddy\1.6.14\byte-buddy-1.6.14.jar;F:\maven\repository\io\springfox\springfox-schema\2.7.0\springfox-schema-2.7.0.jar;F:\maven\repository\io\springfox\springfox-swagger-common\2.7.0\springfox-swagger-common-2.7.0.jar;F:\maven\repository\io\springfox\springfox-spring-web\2.7.0\springfox-spring-web-2.7.0.jar;F:\maven\repository\org\reflections\reflections\0.9.11\reflections-0.9.11.jar;F:\maven\repository\org\javassist\javassist\3.21.0-GA\javassist-3.21.0-GA.jar;F:\maven\repository\com\google\guava\guava\18.0\guava-18.0.jar;F:\maven\repository\com\fasterxml\classmate\1.3.3\classmate-1.3.3.jar;F:\maven\repository\org\springframework\plugin\spring-plugin-core\1.2.0.RELEASE\spring-plugin-core-1.2.0.RELEASE.jar;F:\maven\repository\org\springframework\plugin\spring-plugin-metadata\1.2.0.RELEASE\spring-plugin-metadata-1.2.0.RELEASE.jar;F:\maven\repository\org\mapstruct\mapstruct\1.1.0.Final\mapstruct-1.1.0.Final.jar;F:\maven\repository\io\springfox\springfox-swagger-ui\2.7.0\springfox-swagger-ui-2.7.0.jar;"/>
        <property name="sun.cpu.endian" value="little"/>
        <property name="user.home" value="C:\Users\DELL"/>
        <property name="user.language" value="zh"/>
        <property name="java.specification.vendor" value="Oracle Corporation"/>
        <property name="java.version.date" value="2019-07-16"/>
        <property name="java.home" value="F:\jdk-12.0.2_windows-x64_bin\jdk-12.0.2"/>
        <property name="file.separator" value="\"/>
        <property name="basedir" value="E:\IDEA workSpace\itripbackend2\itrip-sreach"/>
        <property name="java.vm.compressedOopsMode" value="Zero based"/>
        <property name="line.separator" value="&#10;"/>
        <property name="java.vm.specification.vendor" value="Oracle Corporation"/>
        <property name="java.specification.name" value="Java Platform API Specification"/>
        <property name="java.awt.graphicsenv" value="sun.awt.Win32GraphicsEnvironment"/>
        <property name="surefire.real.class.path"
                  value="C:\Users\DELL\AppData\Local\Temp\surefire5909735579636397545\surefirebooter16230487109195718626.jar"/>
        <property name="user.script" value=""/>
        <property name="sun.management.compiler" value="HotSpot 64-Bit Tiered Compilers"/>
        <property name="java.runtime.version" value="12.0.2+10"/>
        <property name="user.name" value="DELL"/>
        <property name="path.separator" value=";"/>
        <property name="os.version" value="10.0"/>
        <property name="java.runtime.name" value="Java(TM) SE Runtime Environment"/>
        <property name="file.encoding" value="GBK"/>
        <property name="java.vm.name" value="Java HotSpot(TM) 64-Bit Server VM"/>
        <property name="localRepository" value="F:\maven\repository"/>
        <property name="java.vendor.url.bug" value="https://bugreport.java.com/bugreport/"/>
        <property name="java.io.tmpdir" value="C:\Users\DELL\AppData\Local\Temp\"/>
        <property name="java.version" value="12.0.2"/>
        <property name="user.dir" value="E:\IDEA workSpace\itripbackend2\itrip-sreach"/>
        <property name="os.arch" value="amd64"/>
        <property name="java.vm.specification.name" value="Java Virtual Machine Specification"/>
        <property name="sun.os.patch.level" value=""/>
        <property name="idea.version2019.1" value="true"/>
        <property name="java.library.path"
                  value="F:\jdk-12.0.2_windows-x64_bin\jdk-12.0.2\bin;C:\Windows\Sun\Java\bin;C:\Windows\system32;C:\Windows;F:\jdk-12.0.2_windows-x64_bin\jdk-12.0.2\bin;C:\Windows\system32;C:\Windows;C:\Windows\System32\Wbem;C:\Windows\System32\WindowsPowerShell\v1.0\;C:\Windows\System32\OpenSSH\;C:\Program Files (x86)\NVIDIA Corporation\PhysX\Common;C:\Program Files\NVIDIA Corporation\NVIDIA NvDLISR;F:\Mysql\bin;E:\Redis\;F:\jdk-12.0.2_windows-x64_bin\jdk-12.0.2\bin;C:\Users\DELL\AppData\Local\Microsoft\WindowsApps;;E:\新建文件夹 (5)\Microsoft VS Code\bin;."/>
        <property name="java.vm.info" value="mixed mode, sharing"/>
        <property name="java.vendor" value="Oracle Corporation"/>
        <property name="java.vm.version" value="12.0.2+10"/>
        <property name="sun.io.unicode.encoding" value="UnicodeLittle"/>
        <property name="maven.repo.local" value="F:\maven\repository"/>
        <property name="java.class.version" value="56.0"/>
    </properties>
    <testcase name="test" classname="SolrTest" time="0.034"/>
</testsuite>